<?xml version="1.0" encoding="UTF-8"?>
<!-- Generated by org.testng.reporters.JUnitReportReporter -->
<testsuite skipped="0" hostname="LAPTOP-JEI8AS0O" name="testcases.LoginTest" tests="1" failures="0" timestamp="20 Jan 2020 20:43:07 GMT" time="22.020" errors="0">
  <testcase name="creatNewProject" time="22.020" classname="testcases.LoginTest"/>
</testsuite> <!-- testcases.LoginTest -->
